<?xml version="1.0" encoding="UTF-8"?>
<!-- Generated by org.testng.reporters.JUnitReportReporter -->
<testsuite hostname="handsomeyu" name="com.ESPN.tests.TestLogin" tests="1" failures="0" timestamp="5 Dec 2014 06:54:08 GMT" time="7.544" errors="0">
  <testcase name="VerifyTitleTest01" time="7.544" classname="com.ESPN.tests.TestLogin"/>
</testsuite> <!-- com.ESPN.tests.TestLogin -->
